2019-12-27 13:19:24.8880 ERROR System.InvalidOperationException: The ConnectionString property has not been initialized.
   at System.Data.SqlClient.SqlConnection.PermissionDemand()
   at System.Data.SqlClient.SqlConnectionFactory.PermissionDemand(DbConnection outerConnection)
   at System.Data.ProviderBase.DbConnectionInternal.TryOpenConnectionInternal(DbConnection outerConnection, DbConnectionFactory connectionFactory, TaskCompletionSource`1 retry, DbConnectionOptions userOptions)
   at System.Data.ProviderBase.DbConnectionClosed.TryOpenConnection(DbConnection outerConnection, DbConnectionFactory connectionFactory, TaskCompletionSource`1 retry, DbConnectionOptions userOptions)
   at System.Data.SqlClient.SqlConnection.TryOpenInner(TaskCompletionSource`1 retry)
   at System.Data.SqlClient.SqlConnection.TryOpen(TaskCompletionSource`1 retry)
   at System.Data.SqlClient.SqlConnection.Open()
   at BudgetManagement.Repository.TransactionRepository.GetSavedTransaction(Int32 userId) in C:\Users\user\Desktop\Advanced_software_Eng\Enterprise Coursework\CWEnterprise\BudgetManagement\BudgetManagement\Repository\TransactionRepository.cs:line 152
2019-12-27 17:27:46.7375 ERROR System.InvalidOperationException: The ConnectionString property has not been initialized.
   at System.Data.SqlClient.SqlConnection.PermissionDemand()
   at System.Data.SqlClient.SqlConnectionFactory.PermissionDemand(DbConnection outerConnection)
   at System.Data.ProviderBase.DbConnectionInternal.TryOpenConnectionInternal(DbConnection outerConnection, DbConnectionFactory connectionFactory, TaskCompletionSource`1 retry, DbConnectionOptions userOptions)
   at System.Data.ProviderBase.DbConnectionClosed.TryOpenConnection(DbConnection outerConnection, DbConnectionFactory connectionFactory, TaskCompletionSource`1 retry, DbConnectionOptions userOptions)
   at System.Data.SqlClient.SqlConnection.TryOpenInner(TaskCompletionSource`1 retry)
   at System.Data.SqlClient.SqlConnection.TryOpen(TaskCompletionSource`1 retry)
   at System.Data.SqlClient.SqlConnection.Open()
   at BudgetManagement.Repository.TransactionRepository.GetSavedRecurringTransaction(Int32 userId) in C:\Users\user\Desktop\Advanced_software_Eng\Enterprise Coursework\CWEnterprise\BudgetManagement\BudgetManagement\Repository\TransactionRepository.cs:line 321
2019-12-27 17:28:34.2279 ERROR System.InvalidOperationException: The ConnectionString property has not been initialized.
   at System.Data.SqlClient.SqlConnection.PermissionDemand()
   at System.Data.SqlClient.SqlConnectionFactory.PermissionDemand(DbConnection outerConnection)
   at System.Data.ProviderBase.DbConnectionInternal.TryOpenConnectionInternal(DbConnection outerConnection, DbConnectionFactory connectionFactory, TaskCompletionSource`1 retry, DbConnectionOptions userOptions)
   at System.Data.ProviderBase.DbConnectionClosed.TryOpenConnection(DbConnection outerConnection, DbConnectionFactory connectionFactory, TaskCompletionSource`1 retry, DbConnectionOptions userOptions)
   at System.Data.SqlClient.SqlConnection.TryOpenInner(TaskCompletionSource`1 retry)
   at System.Data.SqlClient.SqlConnection.TryOpen(TaskCompletionSource`1 retry)
   at System.Data.SqlClient.SqlConnection.Open()
   at BudgetManagement.Repository.TransactionRepository.GetSavedRecurringTransaction(Int32 userId) in C:\Users\user\Desktop\Advanced_software_Eng\Enterprise Coursework\CWEnterprise\BudgetManagement\BudgetManagement\Repository\TransactionRepository.cs:line 321
2019-12-27 17:29:26.9871 ERROR System.InvalidOperationException: The ConnectionString property has not been initialized.
   at System.Data.SqlClient.SqlConnection.PermissionDemand()
   at System.Data.SqlClient.SqlConnectionFactory.PermissionDemand(DbConnection outerConnection)
   at System.Data.ProviderBase.DbConnectionInternal.TryOpenConnectionInternal(DbConnection outerConnection, DbConnectionFactory connectionFactory, TaskCompletionSource`1 retry, DbConnectionOptions userOptions)
   at System.Data.ProviderBase.DbConnectionClosed.TryOpenConnection(DbConnection outerConnection, DbConnectionFactory connectionFactory, TaskCompletionSource`1 retry, DbConnectionOptions userOptions)
   at System.Data.SqlClient.SqlConnection.TryOpenInner(TaskCompletionSource`1 retry)
   at System.Data.SqlClient.SqlConnection.TryOpen(TaskCompletionSource`1 retry)
   at System.Data.SqlClient.SqlConnection.Open()
   at BudgetManagement.Repository.TransactionRepository.GetSavedRecurringTransaction(Int32 userId) in C:\Users\user\Desktop\Advanced_software_Eng\Enterprise Coursework\CWEnterprise\BudgetManagement\BudgetManagement\Repository\TransactionRepository.cs:line 321
2019-12-27 17:30:39.7480 ERROR System.InvalidOperationException: The ConnectionString property has not been initialized.
   at System.Data.SqlClient.SqlConnection.PermissionDemand()
   at System.Data.SqlClient.SqlConnectionFactory.PermissionDemand(DbConnection outerConnection)
   at System.Data.ProviderBase.DbConnectionInternal.TryOpenConnectionInternal(DbConnection outerConnection, DbConnectionFactory connectionFactory, TaskCompletionSource`1 retry, DbConnectionOptions userOptions)
   at System.Data.ProviderBase.DbConnectionClosed.TryOpenConnection(DbConnection outerConnection, DbConnectionFactory connectionFactory, TaskCompletionSource`1 retry, DbConnectionOptions userOptions)
   at System.Data.SqlClient.SqlConnection.TryOpenInner(TaskCompletionSource`1 retry)
   at System.Data.SqlClient.SqlConnection.TryOpen(TaskCompletionSource`1 retry)
   at System.Data.SqlClient.SqlConnection.Open()
   at BudgetManagement.Repository.TransactionRepository.GetSavedTransaction(Int32 userId) in C:\Users\user\Desktop\Advanced_software_Eng\Enterprise Coursework\CWEnterprise\BudgetManagement\BudgetManagement\Repository\TransactionRepository.cs:line 152
2019-12-27 17:31:35.2341 ERROR System.InvalidOperationException: The ConnectionString property has not been initialized.
   at System.Data.SqlClient.SqlConnection.PermissionDemand()
   at System.Data.SqlClient.SqlConnectionFactory.PermissionDemand(DbConnection outerConnection)
   at System.Data.ProviderBase.DbConnectionInternal.TryOpenConnectionInternal(DbConnection outerConnection, DbConnectionFactory connectionFactory, TaskCompletionSource`1 retry, DbConnectionOptions userOptions)
   at System.Data.ProviderBase.DbConnectionClosed.TryOpenConnection(DbConnection outerConnection, DbConnectionFactory connectionFactory, TaskCompletionSource`1 retry, DbConnectionOptions userOptions)
   at System.Data.SqlClient.SqlConnection.TryOpenInner(TaskCompletionSource`1 retry)
   at System.Data.SqlClient.SqlConnection.TryOpen(TaskCompletionSource`1 retry)
   at System.Data.SqlClient.SqlConnection.Open()
   at BudgetManagement.Repository.TransactionRepository.GetSavedRecurringTransaction(Int32 userId) in C:\Users\user\Desktop\Advanced_software_Eng\Enterprise Coursework\CWEnterprise\BudgetManagement\BudgetManagement\Repository\TransactionRepository.cs:line 321
2019-12-27 17:35:52.3710 ERROR System.InvalidOperationException: The ConnectionString property has not been initialized.
   at System.Data.SqlClient.SqlConnection.PermissionDemand()
   at System.Data.SqlClient.SqlConnectionFactory.PermissionDemand(DbConnection outerConnection)
   at System.Data.ProviderBase.DbConnectionInternal.TryOpenConnectionInternal(DbConnection outerConnection, DbConnectionFactory connectionFactory, TaskCompletionSource`1 retry, DbConnectionOptions userOptions)
   at System.Data.ProviderBase.DbConnectionClosed.TryOpenConnection(DbConnection outerConnection, DbConnectionFactory connectionFactory, TaskCompletionSource`1 retry, DbConnectionOptions userOptions)
   at System.Data.SqlClient.SqlConnection.TryOpenInner(TaskCompletionSource`1 retry)
   at System.Data.SqlClient.SqlConnection.TryOpen(TaskCompletionSource`1 retry)
   at System.Data.SqlClient.SqlConnection.Open()
   at BudgetManagement.Repository.TransactionRepository.GetSavedRecurringTransaction(Int32 userId) in C:\Users\user\Desktop\Advanced_software_Eng\Enterprise Coursework\CWEnterprise\BudgetManagement\BudgetManagement\Repository\TransactionRepository.cs:line 321
2019-12-27 17:36:23.9079 ERROR System.InvalidOperationException: The ConnectionString property has not been initialized.
   at System.Data.SqlClient.SqlConnection.PermissionDemand()
   at System.Data.SqlClient.SqlConnectionFactory.PermissionDemand(DbConnection outerConnection)
   at System.Data.ProviderBase.DbConnectionInternal.TryOpenConnectionInternal(DbConnection outerConnection, DbConnectionFactory connectionFactory, TaskCompletionSource`1 retry, DbConnectionOptions userOptions)
   at System.Data.ProviderBase.DbConnectionClosed.TryOpenConnection(DbConnection outerConnection, DbConnectionFactory connectionFactory, TaskCompletionSource`1 retry, DbConnectionOptions userOptions)
   at System.Data.SqlClient.SqlConnection.TryOpenInner(TaskCompletionSource`1 retry)
   at System.Data.SqlClient.SqlConnection.TryOpen(TaskCompletionSource`1 retry)
   at System.Data.SqlClient.SqlConnection.Open()
   at BudgetManagement.Repository.TransactionRepository.GetSavedRecurringTransaction(Int32 userId) in C:\Users\user\Desktop\Advanced_software_Eng\Enterprise Coursework\CWEnterprise\BudgetManagement\BudgetManagement\Repository\TransactionRepository.cs:line 321
2019-12-27 17:39:08.7524 ERROR System.InvalidOperationException: The ConnectionString property has not been initialized.
   at System.Data.SqlClient.SqlConnection.PermissionDemand()
   at System.Data.SqlClient.SqlConnectionFactory.PermissionDemand(DbConnection outerConnection)
   at System.Data.ProviderBase.DbConnectionInternal.TryOpenConnectionInternal(DbConnection outerConnection, DbConnectionFactory connectionFactory, TaskCompletionSource`1 retry, DbConnectionOptions userOptions)
   at System.Data.ProviderBase.DbConnectionClosed.TryOpenConnection(DbConnection outerConnection, DbConnectionFactory connectionFactory, TaskCompletionSource`1 retry, DbConnectionOptions userOptions)
   at System.Data.SqlClient.SqlConnection.TryOpenInner(TaskCompletionSource`1 retry)
   at System.Data.SqlClient.SqlConnection.TryOpen(TaskCompletionSource`1 retry)
   at System.Data.SqlClient.SqlConnection.Open()
   at BudgetManagement.Repository.TransactionRepository.GetSavedRecurringTransaction(Int32 userId) in C:\Users\user\Desktop\Advanced_software_Eng\Enterprise Coursework\CWEnterprise\BudgetManagement\BudgetManagement\Repository\TransactionRepository.cs:line 321
2019-12-27 17:47:29.2337 ERROR System.InvalidOperationException: The ConnectionString property has not been initialized.
   at System.Data.SqlClient.SqlConnection.PermissionDemand()
   at System.Data.SqlClient.SqlConnectionFactory.PermissionDemand(DbConnection outerConnection)
   at System.Data.ProviderBase.DbConnectionInternal.TryOpenConnectionInternal(DbConnection outerConnection, DbConnectionFactory connectionFactory, TaskCompletionSource`1 retry, DbConnectionOptions userOptions)
   at System.Data.ProviderBase.DbConnectionClosed.TryOpenConnection(DbConnection outerConnection, DbConnectionFactory connectionFactory, TaskCompletionSource`1 retry, DbConnectionOptions userOptions)
   at System.Data.SqlClient.SqlConnection.TryOpenInner(TaskCompletionSource`1 retry)
   at System.Data.SqlClient.SqlConnection.TryOpen(TaskCompletionSource`1 retry)
   at System.Data.SqlClient.SqlConnection.Open()
   at BudgetManagement.Repository.TransactionRepository.GetSavedRecurringTransaction(Int32 userId) in C:\Users\user\Desktop\Advanced_software_Eng\Enterprise Coursework\CWEnterprise\BudgetManagement\BudgetManagement\Repository\TransactionRepository.cs:line 321
2019-12-27 17:50:41.5492 ERROR System.InvalidOperationException: The ConnectionString property has not been initialized.
   at System.Data.SqlClient.SqlConnection.PermissionDemand()
   at System.Data.SqlClient.SqlConnectionFactory.PermissionDemand(DbConnection outerConnection)
   at System.Data.ProviderBase.DbConnectionInternal.TryOpenConnectionInternal(DbConnection outerConnection, DbConnectionFactory connectionFactory, TaskCompletionSource`1 retry, DbConnectionOptions userOptions)
   at System.Data.ProviderBase.DbConnectionClosed.TryOpenConnection(DbConnection outerConnection, DbConnectionFactory connectionFactory, TaskCompletionSource`1 retry, DbConnectionOptions userOptions)
   at System.Data.SqlClient.SqlConnection.TryOpenInner(TaskCompletionSource`1 retry)
   at System.Data.SqlClient.SqlConnection.TryOpen(TaskCompletionSource`1 retry)
   at System.Data.SqlClient.SqlConnection.Open()
   at BudgetManagement.Repository.TransactionRepository.GetSavedRecurringTransaction(Int32 userId) in C:\Users\user\Desktop\Advanced_software_Eng\Enterprise Coursework\CWEnterprise\BudgetManagement\BudgetManagement\Repository\TransactionRepository.cs:line 321
2019-12-27 18:06:09.6489 ERROR System.InvalidOperationException: The ConnectionString property has not been initialized.
   at System.Data.SqlClient.SqlConnection.PermissionDemand()
   at System.Data.SqlClient.SqlConnectionFactory.PermissionDemand(DbConnection outerConnection)
   at System.Data.ProviderBase.DbConnectionInternal.TryOpenConnectionInternal(DbConnection outerConnection, DbConnectionFactory connectionFactory, TaskCompletionSource`1 retry, DbConnectionOptions userOptions)
   at System.Data.ProviderBase.DbConnectionClosed.TryOpenConnection(DbConnection outerConnection, DbConnectionFactory connectionFactory, TaskCompletionSource`1 retry, DbConnectionOptions userOptions)
   at System.Data.SqlClient.SqlConnection.TryOpenInner(TaskCompletionSource`1 retry)
   at System.Data.SqlClient.SqlConnection.TryOpen(TaskCompletionSource`1 retry)
   at System.Data.SqlClient.SqlConnection.Open()
   at BudgetManagement.Repository.TransactionRepository.GetSavedTransaction(Int32 userId) in C:\Users\user\Desktop\Advanced_software_Eng\Enterprise Coursework\CWEnterprise\BudgetManagement\BudgetManagement\Repository\TransactionRepository.cs:line 152
2019-12-27 18:06:31.0280 ERROR System.InvalidOperationException: The ConnectionString property has not been initialized.
   at System.Data.SqlClient.SqlConnection.PermissionDemand()
   at System.Data.SqlClient.SqlConnectionFactory.PermissionDemand(DbConnection outerConnection)
   at System.Data.ProviderBase.DbConnectionInternal.TryOpenConnectionInternal(DbConnection outerConnection, DbConnectionFactory connectionFactory, TaskCompletionSource`1 retry, DbConnectionOptions userOptions)
   at System.Data.ProviderBase.DbConnectionClosed.TryOpenConnection(DbConnection outerConnection, DbConnectionFactory connectionFactory, TaskCompletionSource`1 retry, DbConnectionOptions userOptions)
   at System.Data.SqlClient.SqlConnection.TryOpenInner(TaskCompletionSource`1 retry)
   at System.Data.SqlClient.SqlConnection.TryOpen(TaskCompletionSource`1 retry)
   at System.Data.SqlClient.SqlConnection.Open()
   at BudgetManagement.Repository.TransactionRepository.GetSavedTransaction(Int32 userId) in C:\Users\user\Desktop\Advanced_software_Eng\Enterprise Coursework\CWEnterprise\BudgetManagement\BudgetManagement\Repository\TransactionRepository.cs:line 152
2019-12-27 18:06:40.9659 ERROR System.InvalidOperationException: The ConnectionString property has not been initialized.
   at System.Data.SqlClient.SqlConnection.PermissionDemand()
   at System.Data.SqlClient.SqlConnectionFactory.PermissionDemand(DbConnection outerConnection)
   at System.Data.ProviderBase.DbConnectionInternal.TryOpenConnectionInternal(DbConnection outerConnection, DbConnectionFactory connectionFactory, TaskCompletionSource`1 retry, DbConnectionOptions userOptions)
   at System.Data.ProviderBase.DbConnectionClosed.TryOpenConnection(DbConnection outerConnection, DbConnectionFactory connectionFactory, TaskCompletionSource`1 retry, DbConnectionOptions userOptions)
   at System.Data.SqlClient.SqlConnection.TryOpenInner(TaskCompletionSource`1 retry)
   at System.Data.SqlClient.SqlConnection.TryOpen(TaskCompletionSource`1 retry)
   at System.Data.SqlClient.SqlConnection.Open()
   at BudgetManagement.Repository.TransactionRepository.GetSavedTransaction(Int32 userId) in C:\Users\user\Desktop\Advanced_software_Eng\Enterprise Coursework\CWEnterprise\BudgetManagement\BudgetManagement\Repository\TransactionRepository.cs:line 152
2019-12-27 18:06:54.3313 ERROR System.InvalidOperationException: The ConnectionString property has not been initialized.
   at System.Data.SqlClient.SqlConnection.PermissionDemand()
   at System.Data.SqlClient.SqlConnectionFactory.PermissionDemand(DbConnection outerConnection)
   at System.Data.ProviderBase.DbConnectionInternal.TryOpenConnectionInternal(DbConnection outerConnection, DbConnectionFactory connectionFactory, TaskCompletionSource`1 retry, DbConnectionOptions userOptions)
   at System.Data.ProviderBase.DbConnectionClosed.TryOpenConnection(DbConnection outerConnection, DbConnectionFactory connectionFactory, TaskCompletionSource`1 retry, DbConnectionOptions userOptions)
   at System.Data.SqlClient.SqlConnection.TryOpenInner(TaskCompletionSource`1 retry)
   at System.Data.SqlClient.SqlConnection.TryOpen(TaskCompletionSource`1 retry)
   at System.Data.SqlClient.SqlConnection.Open()
   at BudgetManagement.Repository.TransactionRepository.GetSavedRecurringTransaction(Int32 userId) in C:\Users\user\Desktop\Advanced_software_Eng\Enterprise Coursework\CWEnterprise\BudgetManagement\BudgetManagement\Repository\TransactionRepository.cs:line 321
2019-12-27 18:07:07.0902 ERROR System.InvalidOperationException: The ConnectionString property has not been initialized.
   at System.Data.SqlClient.SqlConnection.PermissionDemand()
   at System.Data.SqlClient.SqlConnectionFactory.PermissionDemand(DbConnection outerConnection)
   at System.Data.ProviderBase.DbConnectionInternal.TryOpenConnectionInternal(DbConnection outerConnection, DbConnectionFactory connectionFactory, TaskCompletionSource`1 retry, DbConnectionOptions userOptions)
   at System.Data.ProviderBase.DbConnectionClosed.TryOpenConnection(DbConnection outerConnection, DbConnectionFactory connectionFactory, TaskCompletionSource`1 retry, DbConnectionOptions userOptions)
   at System.Data.SqlClient.SqlConnection.TryOpenInner(TaskCompletionSource`1 retry)
   at System.Data.SqlClient.SqlConnection.TryOpen(TaskCompletionSource`1 retry)
   at System.Data.SqlClient.SqlConnection.Open()
   at BudgetManagement.Repository.TransactionRepository.GetSavedTransaction(Int32 userId) in C:\Users\user\Desktop\Advanced_software_Eng\Enterprise Coursework\CWEnterprise\BudgetManagement\BudgetManagement\Repository\TransactionRepository.cs:line 152
2019-12-27 18:07:17.8148 ERROR System.InvalidOperationException: The ConnectionString property has not been initialized.
   at System.Data.SqlClient.SqlConnection.PermissionDemand()
   at System.Data.SqlClient.SqlConnectionFactory.PermissionDemand(DbConnection outerConnection)
   at System.Data.ProviderBase.DbConnectionInternal.TryOpenConnectionInternal(DbConnection outerConnection, DbConnectionFactory connectionFactory, TaskCompletionSource`1 retry, DbConnectionOptions userOptions)
   at System.Data.ProviderBase.DbConnectionClosed.TryOpenConnection(DbConnection outerConnection, DbConnectionFactory connectionFactory, TaskCompletionSource`1 retry, DbConnectionOptions userOptions)
   at System.Data.SqlClient.SqlConnection.TryOpenInner(TaskCompletionSource`1 retry)
   at System.Data.SqlClient.SqlConnection.TryOpen(TaskCompletionSource`1 retry)
   at System.Data.SqlClient.SqlConnection.Open()
   at BudgetManagement.Repository.TransactionRepository.GetSavedTransaction(Int32 userId) in C:\Users\user\Desktop\Advanced_software_Eng\Enterprise Coursework\CWEnterprise\BudgetManagement\BudgetManagement\Repository\TransactionRepository.cs:line 152
2019-12-27 18:08:34.5791 ERROR System.InvalidOperationException: The ConnectionString property has not been initialized.
   at System.Data.SqlClient.SqlConnection.PermissionDemand()
   at System.Data.SqlClient.SqlConnectionFactory.PermissionDemand(DbConnection outerConnection)
   at System.Data.ProviderBase.DbConnectionInternal.TryOpenConnectionInternal(DbConnection outerConnection, DbConnectionFactory connectionFactory, TaskCompletionSource`1 retry, DbConnectionOptions userOptions)
   at System.Data.ProviderBase.DbConnectionClosed.TryOpenConnection(DbConnection outerConnection, DbConnectionFactory connectionFactory, TaskCompletionSource`1 retry, DbConnectionOptions userOptions)
   at System.Data.SqlClient.SqlConnection.TryOpenInner(TaskCompletionSource`1 retry)
   at System.Data.SqlClient.SqlConnection.TryOpen(TaskCompletionSource`1 retry)
   at System.Data.SqlClient.SqlConnection.Open()
   at BudgetManagement.Repository.TransactionRepository.GetSavedRecurringTransaction(Int32 userId) in C:\Users\user\Desktop\Advanced_software_Eng\Enterprise Coursework\CWEnterprise\BudgetManagement\BudgetManagement\Repository\TransactionRepository.cs:line 321
2019-12-27 18:17:07.1137 ERROR System.InvalidOperationException: The ConnectionString property has not been initialized.
   at System.Data.SqlClient.SqlConnection.PermissionDemand()
   at System.Data.SqlClient.SqlConnectionFactory.PermissionDemand(DbConnection outerConnection)
   at System.Data.ProviderBase.DbConnectionInternal.TryOpenConnectionInternal(DbConnection outerConnection, DbConnectionFactory connectionFactory, TaskCompletionSource`1 retry, DbConnectionOptions userOptions)
   at System.Data.ProviderBase.DbConnectionClosed.TryOpenConnection(DbConnection outerConnection, DbConnectionFactory connectionFactory, TaskCompletionSource`1 retry, DbConnectionOptions userOptions)
   at System.Data.SqlClient.SqlConnection.TryOpenInner(TaskCompletionSource`1 retry)
   at System.Data.SqlClient.SqlConnection.TryOpen(TaskCompletionSource`1 retry)
   at System.Data.SqlClient.SqlConnection.Open()
   at BudgetManagement.Repository.TransactionRepository.GetSavedRecurringTransaction(Int32 userId) in C:\Users\user\Desktop\Advanced_software_Eng\Enterprise Coursework\CWEnterprise\BudgetManagement\BudgetManagement\Repository\TransactionRepository.cs:line 323
2019-12-27 18:20:27.2117 ERROR System.InvalidOperationException: The ConnectionString property has not been initialized.
   at System.Data.SqlClient.SqlConnection.PermissionDemand()
   at System.Data.SqlClient.SqlConnectionFactory.PermissionDemand(DbConnection outerConnection)
   at System.Data.ProviderBase.DbConnectionInternal.TryOpenConnectionInternal(DbConnection outerConnection, DbConnectionFactory connectionFactory, TaskCompletionSource`1 retry, DbConnectionOptions userOptions)
   at System.Data.ProviderBase.DbConnectionClosed.TryOpenConnection(DbConnection outerConnection, DbConnectionFactory connectionFactory, TaskCompletionSource`1 retry, DbConnectionOptions userOptions)
   at System.Data.SqlClient.SqlConnection.TryOpenInner(TaskCompletionSource`1 retry)
   at System.Data.SqlClient.SqlConnection.TryOpen(TaskCompletionSource`1 retry)
   at System.Data.SqlClient.SqlConnection.Open()
   at BudgetManagement.Repository.TransactionRepository.GetSavedRecurringTransaction(Int32 userId) in C:\Users\user\Desktop\Advanced_software_Eng\Enterprise Coursework\CWEnterprise\BudgetManagement\BudgetManagement\Repository\TransactionRepository.cs:line 321
2019-12-27 18:20:52.9845 ERROR System.InvalidOperationException: The ConnectionString property has not been initialized.
   at System.Data.SqlClient.SqlConnection.PermissionDemand()
   at System.Data.SqlClient.SqlConnectionFactory.PermissionDemand(DbConnection outerConnection)
   at System.Data.ProviderBase.DbConnectionInternal.TryOpenConnectionInternal(DbConnection outerConnection, DbConnectionFactory connectionFactory, TaskCompletionSource`1 retry, DbConnectionOptions userOptions)
   at System.Data.ProviderBase.DbConnectionClosed.TryOpenConnection(DbConnection outerConnection, DbConnectionFactory connectionFactory, TaskCompletionSource`1 retry, DbConnectionOptions userOptions)
   at System.Data.SqlClient.SqlConnection.TryOpenInner(TaskCompletionSource`1 retry)
   at System.Data.SqlClient.SqlConnection.TryOpen(TaskCompletionSource`1 retry)
   at System.Data.SqlClient.SqlConnection.Open()
   at BudgetManagement.Repository.TransactionRepository.GetSavedRecurringTransaction(Int32 userId) in C:\Users\user\Desktop\Advanced_software_Eng\Enterprise Coursework\CWEnterprise\BudgetManagement\BudgetManagement\Repository\TransactionRepository.cs:line 321
2019-12-27 18:23:14.5160 ERROR System.InvalidOperationException: The ConnectionString property has not been initialized.
   at System.Data.SqlClient.SqlConnection.PermissionDemand()
   at System.Data.SqlClient.SqlConnectionFactory.PermissionDemand(DbConnection outerConnection)
   at System.Data.ProviderBase.DbConnectionInternal.TryOpenConnectionInternal(DbConnection outerConnection, DbConnectionFactory connectionFactory, TaskCompletionSource`1 retry, DbConnectionOptions userOptions)
   at System.Data.ProviderBase.DbConnectionClosed.TryOpenConnection(DbConnection outerConnection, DbConnectionFactory connectionFactory, TaskCompletionSource`1 retry, DbConnectionOptions userOptions)
   at System.Data.SqlClient.SqlConnection.TryOpenInner(TaskCompletionSource`1 retry)
   at System.Data.SqlClient.SqlConnection.TryOpen(TaskCompletionSource`1 retry)
   at System.Data.SqlClient.SqlConnection.Open()
   at BudgetManagement.Repository.TransactionRepository.GetSavedRecurringTransaction(Int32 userId) in C:\Users\user\Desktop\Advanced_software_Eng\Enterprise Coursework\CWEnterprise\BudgetManagement\BudgetManagement\Repository\TransactionRepository.cs:line 321
2019-12-27 18:23:27.3300 ERROR System.InvalidOperationException: The ConnectionString property has not been initialized.
   at System.Data.SqlClient.SqlConnection.PermissionDemand()
   at System.Data.SqlClient.SqlConnectionFactory.PermissionDemand(DbConnection outerConnection)
   at System.Data.ProviderBase.DbConnectionInternal.TryOpenConnectionInternal(DbConnection outerConnection, DbConnectionFactory connectionFactory, TaskCompletionSource`1 retry, DbConnectionOptions userOptions)
   at System.Data.ProviderBase.DbConnectionClosed.TryOpenConnection(DbConnection outerConnection, DbConnectionFactory connectionFactory, TaskCompletionSource`1 retry, DbConnectionOptions userOptions)
   at System.Data.SqlClient.SqlConnection.TryOpenInner(TaskCompletionSource`1 retry)
   at System.Data.SqlClient.SqlConnection.TryOpen(TaskCompletionSource`1 retry)
   at System.Data.SqlClient.SqlConnection.Open()
   at BudgetManagement.Repository.TransactionRepository.GetSavedRecurringTransaction(Int32 userId) in C:\Users\user\Desktop\Advanced_software_Eng\Enterprise Coursework\CWEnterprise\BudgetManagement\BudgetManagement\Repository\TransactionRepository.cs:line 321
2019-12-27 18:30:54.7919 ERROR System.InvalidOperationException: The ConnectionString property has not been initialized.
   at System.Data.SqlClient.SqlConnection.PermissionDemand()
   at System.Data.SqlClient.SqlConnectionFactory.PermissionDemand(DbConnection outerConnection)
   at System.Data.ProviderBase.DbConnectionInternal.TryOpenConnectionInternal(DbConnection outerConnection, DbConnectionFactory connectionFactory, TaskCompletionSource`1 retry, DbConnectionOptions userOptions)
   at System.Data.ProviderBase.DbConnectionClosed.TryOpenConnection(DbConnection outerConnection, DbConnectionFactory connectionFactory, TaskCompletionSource`1 retry, DbConnectionOptions userOptions)
   at System.Data.SqlClient.SqlConnection.TryOpenInner(TaskCompletionSource`1 retry)
   at System.Data.SqlClient.SqlConnection.TryOpen(TaskCompletionSource`1 retry)
   at System.Data.SqlClient.SqlConnection.Open()
   at BudgetManagement.Repository.TransactionRepository.GetSavedRecurringTransaction(Int32 userId) in C:\Users\user\Desktop\Advanced_software_Eng\Enterprise Coursework\CWEnterprise\BudgetManagement\BudgetManagement\Repository\TransactionRepository.cs:line 322
2019-12-27 18:31:05.8546 ERROR System.InvalidOperationException: The ConnectionString property has not been initialized.
   at System.Data.SqlClient.SqlConnection.PermissionDemand()
   at System.Data.SqlClient.SqlConnectionFactory.PermissionDemand(DbConnection outerConnection)
   at System.Data.ProviderBase.DbConnectionInternal.TryOpenConnectionInternal(DbConnection outerConnection, DbConnectionFactory connectionFactory, TaskCompletionSource`1 retry, DbConnectionOptions userOptions)
   at System.Data.ProviderBase.DbConnectionClosed.TryOpenConnection(DbConnection outerConnection, DbConnectionFactory connectionFactory, TaskCompletionSource`1 retry, DbConnectionOptions userOptions)
   at System.Data.SqlClient.SqlConnection.TryOpenInner(TaskCompletionSource`1 retry)
   at System.Data.SqlClient.SqlConnection.TryOpen(TaskCompletionSource`1 retry)
   at System.Data.SqlClient.SqlConnection.Open()
   at BudgetManagement.Repository.TransactionRepository.GetSavedRecurringTransaction(Int32 userId) in C:\Users\user\Desktop\Advanced_software_Eng\Enterprise Coursework\CWEnterprise\BudgetManagement\BudgetManagement\Repository\TransactionRepository.cs:line 322
2019-12-27 18:31:10.1883 ERROR System.InvalidOperationException: The ConnectionString property has not been initialized.
   at System.Data.SqlClient.SqlConnection.PermissionDemand()
   at System.Data.SqlClient.SqlConnectionFactory.PermissionDemand(DbConnection outerConnection)
   at System.Data.ProviderBase.DbConnectionInternal.TryOpenConnectionInternal(DbConnection outerConnection, DbConnectionFactory connectionFactory, TaskCompletionSource`1 retry, DbConnectionOptions userOptions)
   at System.Data.ProviderBase.DbConnectionClosed.TryOpenConnection(DbConnection outerConnection, DbConnectionFactory connectionFactory, TaskCompletionSource`1 retry, DbConnectionOptions userOptions)
   at System.Data.SqlClient.SqlConnection.TryOpenInner(TaskCompletionSource`1 retry)
   at System.Data.SqlClient.SqlConnection.TryOpen(TaskCompletionSource`1 retry)
   at System.Data.SqlClient.SqlConnection.Open()
   at BudgetManagement.Repository.TransactionRepository.GetSavedRecurringTransaction(Int32 userId) in C:\Users\user\Desktop\Advanced_software_Eng\Enterprise Coursework\CWEnterprise\BudgetManagement\BudgetManagement\Repository\TransactionRepository.cs:line 322
2019-12-27 18:31:15.8191 ERROR System.InvalidOperationException: The ConnectionString property has not been initialized.
   at System.Data.SqlClient.SqlConnection.PermissionDemand()
   at System.Data.SqlClient.SqlConnectionFactory.PermissionDemand(DbConnection outerConnection)
   at System.Data.ProviderBase.DbConnectionInternal.TryOpenConnectionInternal(DbConnection outerConnection, DbConnectionFactory connectionFactory, TaskCompletionSource`1 retry, DbConnectionOptions userOptions)
   at System.Data.ProviderBase.DbConnectionClosed.TryOpenConnection(DbConnection outerConnection, DbConnectionFactory connectionFactory, TaskCompletionSource`1 retry, DbConnectionOptions userOptions)
   at System.Data.SqlClient.SqlConnection.TryOpenInner(TaskCompletionSource`1 retry)
   at System.Data.SqlClient.SqlConnection.TryOpen(TaskCompletionSource`1 retry)
   at System.Data.SqlClient.SqlConnection.Open()
   at BudgetManagement.Repository.TransactionRepository.GetSavedRecurringTransaction(Int32 userId) in C:\Users\user\Desktop\Advanced_software_Eng\Enterprise Coursework\CWEnterprise\BudgetManagement\BudgetManagement\Repository\TransactionRepository.cs:line 322
2019-12-27 18:31:28.5024 ERROR System.InvalidOperationException: The ConnectionString property has not been initialized.
   at System.Data.SqlClient.SqlConnection.PermissionDemand()
   at System.Data.SqlClient.SqlConnectionFactory.PermissionDemand(DbConnection outerConnection)
   at System.Data.ProviderBase.DbConnectionInternal.TryOpenConnectionInternal(DbConnection outerConnection, DbConnectionFactory connectionFactory, TaskCompletionSource`1 retry, DbConnectionOptions userOptions)
   at System.Data.ProviderBase.DbConnectionClosed.TryOpenConnection(DbConnection outerConnection, DbConnectionFactory connectionFactory, TaskCompletionSource`1 retry, DbConnectionOptions userOptions)
   at System.Data.SqlClient.SqlConnection.TryOpenInner(TaskCompletionSource`1 retry)
   at System.Data.SqlClient.SqlConnection.TryOpen(TaskCompletionSource`1 retry)
   at System.Data.SqlClient.SqlConnection.Open()
   at BudgetManagement.Repository.TransactionRepository.GetSavedRecurringTransaction(Int32 userId) in C:\Users\user\Desktop\Advanced_software_Eng\Enterprise Coursework\CWEnterprise\BudgetManagement\BudgetManagement\Repository\TransactionRepository.cs:line 322
2019-12-27 18:38:30.9194 ERROR System.InvalidOperationException: The ConnectionString property has not been initialized.
   at System.Data.SqlClient.SqlConnection.PermissionDemand()
   at System.Data.SqlClient.SqlConnectionFactory.PermissionDemand(DbConnection outerConnection)
   at System.Data.ProviderBase.DbConnectionInternal.TryOpenConnectionInternal(DbConnection outerConnection, DbConnectionFactory connectionFactory, TaskCompletionSource`1 retry, DbConnectionOptions userOptions)
   at System.Data.ProviderBase.DbConnectionClosed.TryOpenConnection(DbConnection outerConnection, DbConnectionFactory connectionFactory, TaskCompletionSource`1 retry, DbConnectionOptions userOptions)
   at System.Data.SqlClient.SqlConnection.TryOpenInner(TaskCompletionSource`1 retry)
   at System.Data.SqlClient.SqlConnection.TryOpen(TaskCompletionSource`1 retry)
   at System.Data.SqlClient.SqlConnection.Open()
   at BudgetManagement.Repository.TransactionRepository.GetSavedRecurringTransaction(Int32 userId) in C:\Users\user\Desktop\Advanced_software_Eng\Enterprise Coursework\CWEnterprise\BudgetManagement\BudgetManagement\Repository\TransactionRepository.cs:line 320
2019-12-27 18:38:44.9403 ERROR System.InvalidOperationException: The ConnectionString property has not been initialized.
   at System.Data.SqlClient.SqlConnection.PermissionDemand()
   at System.Data.SqlClient.SqlConnectionFactory.PermissionDemand(DbConnection outerConnection)
   at System.Data.ProviderBase.DbConnectionInternal.TryOpenConnectionInternal(DbConnection outerConnection, DbConnectionFactory connectionFactory, TaskCompletionSource`1 retry, DbConnectionOptions userOptions)
   at System.Data.ProviderBase.DbConnectionClosed.TryOpenConnection(DbConnection outerConnection, DbConnectionFactory connectionFactory, TaskCompletionSource`1 retry, DbConnectionOptions userOptions)
   at System.Data.SqlClient.SqlConnection.TryOpenInner(TaskCompletionSource`1 retry)
   at System.Data.SqlClient.SqlConnection.TryOpen(TaskCompletionSource`1 retry)
   at System.Data.SqlClient.SqlConnection.Open()
   at BudgetManagement.Repository.TransactionRepository.GetSavedTransaction(Int32 userId) in C:\Users\user\Desktop\Advanced_software_Eng\Enterprise Coursework\CWEnterprise\BudgetManagement\BudgetManagement\Repository\TransactionRepository.cs:line 152
2019-12-27 23:09:59.4039 ERROR System.InvalidOperationException: The ConnectionString property has not been initialized.
   at System.Data.SqlClient.SqlConnection.PermissionDemand()
   at System.Data.SqlClient.SqlConnectionFactory.PermissionDemand(DbConnection outerConnection)
   at System.Data.ProviderBase.DbConnectionInternal.TryOpenConnectionInternal(DbConnection outerConnection, DbConnectionFactory connectionFactory, TaskCompletionSource`1 retry, DbConnectionOptions userOptions)
   at System.Data.ProviderBase.DbConnectionClosed.TryOpenConnection(DbConnection outerConnection, DbConnectionFactory connectionFactory, TaskCompletionSource`1 retry, DbConnectionOptions userOptions)
   at System.Data.SqlClient.SqlConnection.TryOpenInner(TaskCompletionSource`1 retry)
   at System.Data.SqlClient.SqlConnection.TryOpen(TaskCompletionSource`1 retry)
   at System.Data.SqlClient.SqlConnection.Open()
   at BudgetManagement.Repository.TransactionRepository.GetSavedRecurringTransaction(Int32 userId) in C:\Users\user\Desktop\Advanced_software_Eng\Enterprise Coursework\CWEnterprise\BudgetManagement\BudgetManagement\Repository\TransactionRepository.cs:line 320
2019-12-27 23:10:47.5925 ERROR System.InvalidOperationException: The ConnectionString property has not been initialized.
   at System.Data.SqlClient.SqlConnection.PermissionDemand()
   at System.Data.SqlClient.SqlConnectionFactory.PermissionDemand(DbConnection outerConnection)
   at System.Data.ProviderBase.DbConnectionInternal.TryOpenConnectionInternal(DbConnection outerConnection, DbConnectionFactory connectionFactory, TaskCompletionSource`1 retry, DbConnectionOptions userOptions)
   at System.Data.ProviderBase.DbConnectionClosed.TryOpenConnection(DbConnection outerConnection, DbConnectionFactory connectionFactory, TaskCompletionSource`1 retry, DbConnectionOptions userOptions)
   at System.Data.SqlClient.SqlConnection.TryOpenInner(TaskCompletionSource`1 retry)
   at System.Data.SqlClient.SqlConnection.TryOpen(TaskCompletionSource`1 retry)
   at System.Data.SqlClient.SqlConnection.Open()
   at BudgetManagement.Repository.TransactionRepository.GetSavedRecurringTransaction(Int32 userId) in C:\Users\user\Desktop\Advanced_software_Eng\Enterprise Coursework\CWEnterprise\BudgetManagement\BudgetManagement\Repository\TransactionRepository.cs:line 320
2019-12-27 23:11:51.8129 ERROR System.InvalidOperationException: The ConnectionString property has not been initialized.
   at System.Data.SqlClient.SqlConnection.PermissionDemand()
   at System.Data.SqlClient.SqlConnectionFactory.PermissionDemand(DbConnection outerConnection)
   at System.Data.ProviderBase.DbConnectionInternal.TryOpenConnectionInternal(DbConnection outerConnection, DbConnectionFactory connectionFactory, TaskCompletionSource`1 retry, DbConnectionOptions userOptions)
   at System.Data.ProviderBase.DbConnectionClosed.TryOpenConnection(DbConnection outerConnection, DbConnectionFactory connectionFactory, TaskCompletionSource`1 retry, DbConnectionOptions userOptions)
   at System.Data.SqlClient.SqlConnection.TryOpenInner(TaskCompletionSource`1 retry)
   at System.Data.SqlClient.SqlConnection.TryOpen(TaskCompletionSource`1 retry)
   at System.Data.SqlClient.SqlConnection.Open()
   at BudgetManagement.Repository.TransactionRepository.GetSavedRecurringTransaction(Int32 userId) in C:\Users\user\Desktop\Advanced_software_Eng\Enterprise Coursework\CWEnterprise\BudgetManagement\BudgetManagement\Repository\TransactionRepository.cs:line 320
2019-12-27 23:12:08.7371 ERROR System.InvalidOperationException: The ConnectionString property has not been initialized.
   at System.Data.SqlClient.SqlConnection.PermissionDemand()
   at System.Data.SqlClient.SqlConnectionFactory.PermissionDemand(DbConnection outerConnection)
   at System.Data.ProviderBase.DbConnectionInternal.TryOpenConnectionInternal(DbConnection outerConnection, DbConnectionFactory connectionFactory, TaskCompletionSource`1 retry, DbConnectionOptions userOptions)
   at System.Data.ProviderBase.DbConnectionClosed.TryOpenConnection(DbConnection outerConnection, DbConnectionFactory connectionFactory, TaskCompletionSource`1 retry, DbConnectionOptions userOptions)
   at System.Data.SqlClient.SqlConnection.TryOpenInner(TaskCompletionSource`1 retry)
   at System.Data.SqlClient.SqlConnection.TryOpen(TaskCompletionSource`1 retry)
   at System.Data.SqlClient.SqlConnection.Open()
   at BudgetManagement.Repository.TransactionRepository.GetSavedTransaction(Int32 userId) in C:\Users\user\Desktop\Advanced_software_Eng\Enterprise Coursework\CWEnterprise\BudgetManagement\BudgetManagement\Repository\TransactionRepository.cs:line 152
