2019-12-29 01:06:16.1607 ERROR System.InvalidOperationException: The ConnectionString property has not been initialized.
   at System.Data.SqlClient.SqlConnection.PermissionDemand()
   at System.Data.SqlClient.SqlConnectionFactory.PermissionDemand(DbConnection outerConnection)
   at System.Data.ProviderBase.DbConnectionInternal.TryOpenConnectionInternal(DbConnection outerConnection, DbConnectionFactory connectionFactory, TaskCompletionSource`1 retry, DbConnectionOptions userOptions)
   at System.Data.ProviderBase.DbConnectionClosed.TryOpenConnection(DbConnection outerConnection, DbConnectionFactory connectionFactory, TaskCompletionSource`1 retry, DbConnectionOptions userOptions)
   at System.Data.SqlClient.SqlConnection.TryOpenInner(TaskCompletionSource`1 retry)
   at System.Data.SqlClient.SqlConnection.TryOpen(TaskCompletionSource`1 retry)
   at System.Data.SqlClient.SqlConnection.Open()
   at BudgetManagement.Repository.EventRepository.GetSavedRecurringEvent(Int32 userId) in C:\Users\user\Desktop\Advanced_software_Eng\Enterprise Coursework\CWEnterprise\BudgetManagement\BudgetManagement\Repository\EventRepository.cs:line 222
2019-12-29 01:43:46.3116 ERROR System.InvalidOperationException: The ConnectionString property has not been initialized.
   at System.Data.SqlClient.SqlConnection.PermissionDemand()
   at System.Data.SqlClient.SqlConnectionFactory.PermissionDemand(DbConnection outerConnection)
   at System.Data.ProviderBase.DbConnectionInternal.TryOpenConnectionInternal(DbConnection outerConnection, DbConnectionFactory connectionFactory, TaskCompletionSource`1 retry, DbConnectionOptions userOptions)
   at System.Data.ProviderBase.DbConnectionClosed.TryOpenConnection(DbConnection outerConnection, DbConnectionFactory connectionFactory, TaskCompletionSource`1 retry, DbConnectionOptions userOptions)
   at System.Data.SqlClient.SqlConnection.TryOpenInner(TaskCompletionSource`1 retry)
   at System.Data.SqlClient.SqlConnection.TryOpen(TaskCompletionSource`1 retry)
   at System.Data.SqlClient.SqlConnection.Open()
   at BudgetManagement.Repository.EventRepository.GetSavedRecurringEvent(Int32 userId) in C:\Users\user\Desktop\Advanced_software_Eng\Enterprise Coursework\CWEnterprise\BudgetManagement\BudgetManagement\Repository\EventRepository.cs:line 222
2019-12-29 01:46:41.2234 ERROR System.InvalidOperationException: The ConnectionString property has not been initialized.
   at System.Data.SqlClient.SqlConnection.PermissionDemand()
   at System.Data.SqlClient.SqlConnectionFactory.PermissionDemand(DbConnection outerConnection)
   at System.Data.ProviderBase.DbConnectionInternal.TryOpenConnectionInternal(DbConnection outerConnection, DbConnectionFactory connectionFactory, TaskCompletionSource`1 retry, DbConnectionOptions userOptions)
   at System.Data.ProviderBase.DbConnectionClosed.TryOpenConnection(DbConnection outerConnection, DbConnectionFactory connectionFactory, TaskCompletionSource`1 retry, DbConnectionOptions userOptions)
   at System.Data.SqlClient.SqlConnection.TryOpenInner(TaskCompletionSource`1 retry)
   at System.Data.SqlClient.SqlConnection.TryOpen(TaskCompletionSource`1 retry)
   at System.Data.SqlClient.SqlConnection.Open()
   at BudgetManagement.Repository.EventRepository.GetSavedRecurringEvent(Int32 userId) in C:\Users\user\Desktop\Advanced_software_Eng\Enterprise Coursework\CWEnterprise\BudgetManagement\BudgetManagement\Repository\EventRepository.cs:line 222
2019-12-29 01:46:57.6933 ERROR System.InvalidOperationException: The ConnectionString property has not been initialized.
   at System.Data.SqlClient.SqlConnection.PermissionDemand()
   at System.Data.SqlClient.SqlConnectionFactory.PermissionDemand(DbConnection outerConnection)
   at System.Data.ProviderBase.DbConnectionInternal.TryOpenConnectionInternal(DbConnection outerConnection, DbConnectionFactory connectionFactory, TaskCompletionSource`1 retry, DbConnectionOptions userOptions)
   at System.Data.ProviderBase.DbConnectionClosed.TryOpenConnection(DbConnection outerConnection, DbConnectionFactory connectionFactory, TaskCompletionSource`1 retry, DbConnectionOptions userOptions)
   at System.Data.SqlClient.SqlConnection.TryOpenInner(TaskCompletionSource`1 retry)
   at System.Data.SqlClient.SqlConnection.TryOpen(TaskCompletionSource`1 retry)
   at System.Data.SqlClient.SqlConnection.Open()
   at BudgetManagement.Repository.EventRepository.GetSavedRecurringEvent(Int32 userId) in C:\Users\user\Desktop\Advanced_software_Eng\Enterprise Coursework\CWEnterprise\BudgetManagement\BudgetManagement\Repository\EventRepository.cs:line 222
2019-12-29 01:47:18.4328 ERROR System.InvalidOperationException: The ConnectionString property has not been initialized.
   at System.Data.SqlClient.SqlConnection.PermissionDemand()
   at System.Data.SqlClient.SqlConnectionFactory.PermissionDemand(DbConnection outerConnection)
   at System.Data.ProviderBase.DbConnectionInternal.TryOpenConnectionInternal(DbConnection outerConnection, DbConnectionFactory connectionFactory, TaskCompletionSource`1 retry, DbConnectionOptions userOptions)
   at System.Data.ProviderBase.DbConnectionClosed.TryOpenConnection(DbConnection outerConnection, DbConnectionFactory connectionFactory, TaskCompletionSource`1 retry, DbConnectionOptions userOptions)
   at System.Data.SqlClient.SqlConnection.TryOpenInner(TaskCompletionSource`1 retry)
   at System.Data.SqlClient.SqlConnection.TryOpen(TaskCompletionSource`1 retry)
   at System.Data.SqlClient.SqlConnection.Open()
   at BudgetManagement.Repository.EventRepository.GetSavedRecurringEvent(Int32 userId) in C:\Users\user\Desktop\Advanced_software_Eng\Enterprise Coursework\CWEnterprise\BudgetManagement\BudgetManagement\Repository\EventRepository.cs:line 222
2019-12-29 01:47:39.4357 ERROR System.InvalidOperationException: The ConnectionString property has not been initialized.
   at System.Data.SqlClient.SqlConnection.PermissionDemand()
   at System.Data.SqlClient.SqlConnectionFactory.PermissionDemand(DbConnection outerConnection)
   at System.Data.ProviderBase.DbConnectionInternal.TryOpenConnectionInternal(DbConnection outerConnection, DbConnectionFactory connectionFactory, TaskCompletionSource`1 retry, DbConnectionOptions userOptions)
   at System.Data.ProviderBase.DbConnectionClosed.TryOpenConnection(DbConnection outerConnection, DbConnectionFactory connectionFactory, TaskCompletionSource`1 retry, DbConnectionOptions userOptions)
   at System.Data.SqlClient.SqlConnection.TryOpenInner(TaskCompletionSource`1 retry)
   at System.Data.SqlClient.SqlConnection.TryOpen(TaskCompletionSource`1 retry)
   at System.Data.SqlClient.SqlConnection.Open()
   at BudgetManagement.Repository.EventRepository.GetSavedRecurringEvent(Int32 userId) in C:\Users\user\Desktop\Advanced_software_Eng\Enterprise Coursework\CWEnterprise\BudgetManagement\BudgetManagement\Repository\EventRepository.cs:line 222
2019-12-29 01:49:30.8364 ERROR System.InvalidOperationException: The ConnectionString property has not been initialized.
   at System.Data.SqlClient.SqlConnection.PermissionDemand()
   at System.Data.SqlClient.SqlConnectionFactory.PermissionDemand(DbConnection outerConnection)
   at System.Data.ProviderBase.DbConnectionInternal.TryOpenConnectionInternal(DbConnection outerConnection, DbConnectionFactory connectionFactory, TaskCompletionSource`1 retry, DbConnectionOptions userOptions)
   at System.Data.ProviderBase.DbConnectionClosed.TryOpenConnection(DbConnection outerConnection, DbConnectionFactory connectionFactory, TaskCompletionSource`1 retry, DbConnectionOptions userOptions)
   at System.Data.SqlClient.SqlConnection.TryOpenInner(TaskCompletionSource`1 retry)
   at System.Data.SqlClient.SqlConnection.TryOpen(TaskCompletionSource`1 retry)
   at System.Data.SqlClient.SqlConnection.Open()
   at BudgetManagement.Repository.EventRepository.GetSavedRecurringEvent(Int32 userId) in C:\Users\user\Desktop\Advanced_software_Eng\Enterprise Coursework\CWEnterprise\BudgetManagement\BudgetManagement\Repository\EventRepository.cs:line 222
